<?xml version="1.0" encoding="UTF-8"?>
<!-- Generated by org.testng.reporters.JUnitReportReporter -->
<testsuite skipped="0" hostname="Nehas-MacBook-Pro.local" name="Grouping.Home_Group" tests="1" failures="0" timestamp="13 Jun 2020 00:18:57 GMT" time="0.014" errors="0">
  <testcase name="TC_Home_01" time="0.014" classname="Grouping.Home_Group"/>
</testsuite> <!-- Grouping.Home_Group -->
