<?xml version="1.0" encoding="UTF-8"?>
<!-- Generated by org.testng.reporters.JUnitReportReporter -->
<testsuite skipped="0" hostname="Nehas-MacBook-Pro.local" name="Grouping.Home_Group" tests="1" failures="0" timestamp="12 Jun 2020 02:25:42 GMT" time="0.007" errors="0">
  <testcase name="TC_Home_01" time="0.007" classname="Grouping.Home_Group"/>
</testsuite> <!-- Grouping.Home_Group -->
