<?xml version="1.0" encoding="UTF-8"?>
<!-- Generated by org.testng.reporters.JUnitReportReporter -->
<testsuite skipped="0" hostname="Nehas-MacBook-Pro.local" name="priority_TestAnnotations" tests="4" failures="0" timestamp="25 May 2020 00:44:20 GMT" time="0.017" errors="0">
  <testcase name="a1M1" time="0.015" classname="priority_TestAnnotations"/>
  <testcase name="A1a1" time="0.001" classname="priority_TestAnnotations"/>
  <testcase name="A2M1" time="0.000" classname="priority_TestAnnotations"/>
  <testcase name="aM1" time="0.001" classname="priority_TestAnnotations"/>
</testsuite> <!-- priority_TestAnnotations -->
