<?xml version="1.0" encoding="UTF-8"?>
<!-- Generated by org.testng.reporters.JUnitReportReporter -->
<testsuite skipped="0" hostname="Nehas-MacBook-Pro.local" name="Grouping.Login_Group" tests="2" failures="0" timestamp="12 Jun 2020 02:25:42 GMT" time="0.003" errors="0">
  <testcase name="TC_Login_02" time="0.002" classname="Grouping.Login_Group"/>
  <testcase name="TC_Login_03" time="0.001" classname="Grouping.Login_Group"/>
</testsuite> <!-- Grouping.Login_Group -->
