<?xml version="1.0" encoding="UTF-8"?>
<!-- Generated by org.testng.reporters.JUnitReportReporter -->
<testsuite skipped="0" hostname="Nehas-MacBook-Pro.local" name="annotations" tests="1" failures="0" timestamp="24 May 2020 17:32:11 GMT" time="0.006" errors="0">
  <testcase name="m11" time="0.006" classname="annotations"/>
</testsuite> <!-- annotations -->
