<?xml version="1.0" encoding="UTF-8"?>
<!-- Generated by org.testng.reporters.JUnitReportReporter -->
<testsuite skipped="0" hostname="Nehas-MacBook-Pro.local" name="Grouping.Home_TC" tests="2" failures="0" timestamp="11 Jun 2020 18:32:26 GMT" time="0.009" errors="0">
  <testcase name="TC_Home_02" time="0.001" classname="Grouping.Home_TC"/>
  <testcase name="TC_Home_01" time="0.008" classname="Grouping.Home_TC"/>
</testsuite> <!-- Grouping.Home_TC -->
