<?xml version="1.0" encoding="UTF-8"?>
<!-- Generated by org.testng.reporters.JUnitReportReporter -->
<testsuite skipped="0" hostname="Nehas-MacBook-Pro.local" name="Grouping.Login_TC" tests="3" failures="0" timestamp="11 Jun 2020 18:32:26 GMT" time="0.003" errors="0">
  <testcase name="TC_Login_01" time="0.001" classname="Grouping.Login_TC"/>
  <testcase name="TC_Login_02" time="0.001" classname="Grouping.Login_TC"/>
  <testcase name="TC_Login_04" time="0.001" classname="Grouping.Login_TC"/>
</testsuite> <!-- Grouping.Login_TC -->
