<?xml version="1.0" encoding="UTF-8"?>
<!-- Generated by org.testng.reporters.JUnitReportReporter -->
<testsuite skipped="0" hostname="Nehas-MacBook-Pro.local" name="annotation_1$annotaion_1" tests="1" failures="0" timestamp="24 May 2020 17:29:10 GMT" time="0.003" errors="0">
  <testcase name="m3" time="0.003" classname="annotation_1$annotaion_1"/>
</testsuite> <!-- annotation_1$annotaion_1 -->
