<?xml version="1.0" encoding="UTF-8"?>
<!-- Generated by org.testng.reporters.JUnitReportReporter -->
<testsuite skipped="0" hostname="Nehas-MacBook-Pro.local" name="test_annotations" tests="4" failures="0" timestamp="24 May 2020 17:47:05 GMT" time="0.016" errors="0">
  <testcase name="A1a1" time="0.014" classname="test_annotations"/>
  <testcase name="a1M1" time="0.001" classname="test_annotations"/>
  <testcase name="aM1" time="0.001" classname="test_annotations"/>
  <testcase name="A2M1" time="0.000" classname="test_annotations"/>
</testsuite> <!-- test_annotations -->
