<?xml version="1.0" encoding="UTF-8"?>
<!-- Generated by org.testng.reporters.JUnitReportReporter -->
<testsuite skipped="0" hostname="Nehas-MacBook-Pro.local" name="Grouping.Login_Group" tests="2" failures="0" timestamp="13 Jun 2020 00:50:27 GMT" time="0.001" errors="0">
  <testcase name="TC_Login_03" time="0.001" classname="Grouping.Login_Group"/>
  <testcase name="TC_Login_02" time="0.000" classname="Grouping.Login_Group"/>
</testsuite> <!-- Grouping.Login_Group -->
